0 info it worked if it ends with ok
1 verbose cli [ 'D:\\Node\\node.exe',
1 verbose cli   'D:\\Node\\node_modules\\npm\\bin\\npm-cli.js',
1 verbose cli   'run',
1 verbose cli   'compile' ]
2 info using npm@3.10.10
3 info using node@v6.9.4
4 verbose run-script [ 'precompile', 'compile', 'postcompile' ]
5 info lifecycle react-seed@0.0.0~precompile: react-seed@0.0.0
6 silly lifecycle react-seed@0.0.0~precompile: no script for precompile, continuing
7 info lifecycle react-seed@0.0.0~compile: react-seed@0.0.0
8 verbose lifecycle react-seed@0.0.0~compile: unsafe-perm in lifecycle true
9 verbose lifecycle react-seed@0.0.0~compile: PATH: D:\Node\node_modules\npm\bin\node-gyp-bin;p:\Projects\ProjectDentedLotus\Client\node_modules\.bin;D:\Cmder\bin;D:\Cmder\vendor\conemu-maximus5\ConEmu\Scripts;D:\Cmder\vendor\conemu-maximus5;D:\Cmder\vendor\conemu-maximus5\ConEmu;C:\ProgramData\Oracle\Java\javapath;C:\Windows\system32;C:\Windows;C:\Windows\System32\Wbem;C:\Windows\System32\WindowsPowerShell\v1.0\;C:\Program Files\Microsoft SQL Server\130\Tools\Binn\;C:\Program Files (x86)\GtkSharp\2.12\bin;C:\Program Files\Git\cmd;C:\Program Files (x86)\Windows Kits\8.1\Windows Performance Toolkit\;c:\program files (x86)\iracing;c:\program files (x86)\iracing;C:\Program Files\dotnet\;C:\Program Files\Microsoft DNX\Dnvm\;C:\Program Files\Microsoft\Web Platform Installer\;C:\Program Files (x86)\Yarn\bin;D:\Node\;C:\Users\cisen\AppData\Local\Microsoft\WindowsApps;C:\Program Files (x86)\Microsoft VS Code\bin;C:\Users\cisen\AppData\Local\Yarn\.bin;C:\Users\cisen\AppData\Roaming\npm;C:\Users\cisen\google-cloud-sdk\bin;C:\Program Files\Git\usr\bin;C:\Program Files\Git\usr\share\vim\vim74;D:\Cmder\
10 verbose lifecycle react-seed@0.0.0~compile: CWD: p:\Projects\ProjectDentedLotus\Client
11 silly lifecycle react-seed@0.0.0~compile: Args: [ '/d /s /c',
11 silly lifecycle   'tsc -v && tsc && echo Typescript compile complete && npm run webpack && echo Webpack complete' ]
12 silly lifecycle react-seed@0.0.0~compile: Returned: code: 2  signal: null
13 info lifecycle react-seed@0.0.0~compile: Failed to exec compile script
14 verbose stack Error: react-seed@0.0.0 compile: `tsc -v && tsc && echo Typescript compile complete && npm run webpack && echo Webpack complete`
14 verbose stack Exit status 2
14 verbose stack     at EventEmitter.<anonymous> (D:\Node\node_modules\npm\lib\utils\lifecycle.js:255:16)
14 verbose stack     at emitTwo (events.js:106:13)
14 verbose stack     at EventEmitter.emit (events.js:191:7)
14 verbose stack     at ChildProcess.<anonymous> (D:\Node\node_modules\npm\lib\utils\spawn.js:40:14)
14 verbose stack     at emitTwo (events.js:106:13)
14 verbose stack     at ChildProcess.emit (events.js:191:7)
14 verbose stack     at maybeClose (internal/child_process.js:877:16)
14 verbose stack     at Process.ChildProcess._handle.onexit (internal/child_process.js:226:5)
15 verbose pkgid react-seed@0.0.0
16 verbose cwd p:\Projects\ProjectDentedLotus\Client
17 error Windows_NT 10.0.14393
18 error argv "D:\\Node\\node.exe" "D:\\Node\\node_modules\\npm\\bin\\npm-cli.js" "run" "compile"
19 error node v6.9.4
20 error npm  v3.10.10
21 error code ELIFECYCLE
22 error react-seed@0.0.0 compile: `tsc -v && tsc && echo Typescript compile complete && npm run webpack && echo Webpack complete`
22 error Exit status 2
23 error Failed at the react-seed@0.0.0 compile script 'tsc -v && tsc && echo Typescript compile complete && npm run webpack && echo Webpack complete'.
23 error Make sure you have the latest version of node.js and npm installed.
23 error If you do, this is most likely a problem with the react-seed package,
23 error not with npm itself.
23 error Tell the author that this fails on your system:
23 error     tsc -v && tsc && echo Typescript compile complete && npm run webpack && echo Webpack complete
23 error You can get information on how to open an issue for this project with:
23 error     npm bugs react-seed
23 error Or if that isn't available, you can get their info via:
23 error     npm owner ls react-seed
23 error There is likely additional logging output above.
24 verbose exit [ 1, true ]
